<?xml version="1.0" encoding="UTF-8" ?>
<testsuite failures="0" time="6.604" errors="0" skipped="2" tests="15" name="droolsbook.bank.service.impl.DefaultLoanApprovalServiceTest">
  <properties>
    <property name="java.runtime.name" value="Java(TM) SE Runtime Environment"/>
    <property name="sun.boot.library.path" value="C:\Development\JDK6\jre\bin"/>
    <property name="java.vm.version" value="20.45-b01"/>
    <property name="java.vm.vendor" value="Sun Microsystems Inc."/>
    <property name="java.vendor.url" value="http://java.sun.com/"/>
    <property name="path.separator" value=";"/>
    <property name="guice.disable.misplaced.annotation.check" value="true"/>
    <property name="java.vm.name" value="Java HotSpot(TM) 64-Bit Server VM"/>
    <property name="file.encoding.pkg" value="sun.io"/>
    <property name="user.country" value="US"/>
    <property name="sun.java.launcher" value="SUN_STANDARD"/>
    <property name="sun.os.patch.level" value=""/>
    <property name="java.vm.specification.name" value="Java Virtual Machine Specification"/>
    <property name="user.dir" value="C:\Development\Workspace\Drools JBoss Rules 5.X Developerâ€™s Guide"/>
    <property name="java.runtime.version" value="1.6.0_45-b06"/>
    <property name="java.awt.graphicsenv" value="sun.awt.Win32GraphicsEnvironment"/>
    <property name="java.endorsed.dirs" value="C:\Development\JDK6\jre\lib\endorsed"/>
    <property name="os.arch" value="amd64"/>
    <property name="java.io.tmpdir" value="C:\Users\nvtd4000\AppData\Local\Temp\"/>
    <property name="line.separator" value="
"/>
    <property name="java.vm.specification.vendor" value="Sun Microsystems Inc."/>
    <property name="user.variant" value=""/>
    <property name="os.name" value="Windows 8"/>
    <property name="classworlds.conf" value="C:\Development\apache-maven-3.2.1\bin\..\bin\m2.conf"/>
    <property name="sun.jnu.encoding" value="Cp1252"/>
    <property name="java.library.path" value="C:\Development\JDK6\bin;C:\WINDOWS\Sun\Java\bin;C:\WINDOWS\system32;C:\WINDOWS;C:\WINDOWS\system32;C:\WINDOWS;C:\WINDOWS\System32\Wbem;C:\WINDOWS\System32\WindowsPowerShell\v1.0\;C:\Program Files\Microsoft\Web Platform Installer\;C:\Program Files (x86)\Microsoft ASP.NET\ASP.NET Web Pages\v1.0\;C:\Program Files (x86)\Windows Kits\8.0\Windows Performance Toolkit\;C:\Program Files\Microsoft SQL Server\110\Tools\Binn\;C:\Development\JDK6\bin\;C:\Development\apache-maven-3.2.1\bin;;."/>
    <property name="java.specification.name" value="Java Platform API Specification"/>
    <property name="java.class.version" value="50.0"/>
    <property name="sun.management.compiler" value="HotSpot 64-Bit Tiered Compilers"/>
    <property name="os.version" value="6.2"/>
    <property name="user.home" value="C:\Users\nvtd4000"/>
    <property name="user.timezone" value="America/Chicago"/>
    <property name="java.awt.printerjob" value="sun.awt.windows.WPrinterJob"/>
    <property name="file.encoding" value="Cp1252"/>
    <property name="java.specification.version" value="1.6"/>
    <property name="user.name" value="nvtd4000"/>
    <property name="java.class.path" value="C:\Development\apache-maven-3.2.1\bin\..\boot\plexus-classworlds-2.5.1.jar"/>
    <property name="org.slf4j.simpleLogger.defaultLogLevel" value="info"/>
    <property name="java.vm.specification.version" value="1.0"/>
    <property name="sun.arch.data.model" value="64"/>
    <property name="java.home" value="C:\Development\JDK6\jre"/>
    <property name="sun.java.command" value="org.codehaus.plexus.classworlds.launcher.Launcher clean install"/>
    <property name="java.specification.vendor" value="Sun Microsystems Inc."/>
    <property name="user.language" value="en"/>
    <property name="awt.toolkit" value="sun.awt.windows.WToolkit"/>
    <property name="java.vm.info" value="mixed mode"/>
    <property name="java.version" value="1.6.0_45"/>
    <property name="java.ext.dirs" value="C:\Development\JDK6\jre\lib\ext;C:\WINDOWS\Sun\Java\lib\ext"/>
    <property name="sun.boot.class.path" value="C:\Development\JDK6\jre\lib\resources.jar;C:\Development\JDK6\jre\lib\rt.jar;C:\Development\JDK6\jre\lib\sunrsasign.jar;C:\Development\JDK6\jre\lib\jsse.jar;C:\Development\JDK6\jre\lib\jce.jar;C:\Development\JDK6\jre\lib\charsets.jar;C:\Development\JDK6\jre\lib\modules\jdk.boot.jar;C:\Development\JDK6\jre\classes"/>
    <property name="java.vendor" value="Sun Microsystems Inc."/>
    <property name="maven.home" value="C:\Development\apache-maven-3.2.1\bin\.."/>
    <property name="file.separator" value="\"/>
    <property name="java.vendor.url.bug" value="http://java.sun.com/cgi-bin/bugreport.cgi"/>
    <property name="sun.cpu.endian" value="little"/>
    <property name="sun.io.unicode.encoding" value="UnicodeLittle"/>
    <property name="sun.desktop" value="windows"/>
    <property name="sun.cpu.isalist" value="amd64"/>
  </properties>
  <testcase time="2.623" classname="droolsbook.bank.service.impl.DefaultLoanApprovalServiceTest" name="workItemSetup">
    <skipped message="for now"/>
    <system-err>SLF4J: Failed to load class &quot;org.slf4j.impl.StaticLoggerBinder&quot;.
SLF4J: Defaulting to no-operation (NOP) logger implementation
SLF4J: See http://www.slf4j.org/codes.html#StaticLoggerBinder for further details.
</system-err>
  </testcase>
  <testcase time="0.27" classname="droolsbook.bank.service.impl.DefaultLoanApprovalServiceTest" name="testTest"/>
  <testcase time="0.088" classname="droolsbook.bank.service.impl.DefaultLoanApprovalServiceTest" name="validateLoan"/>
  <testcase time="0.084" classname="droolsbook.bank.service.impl.DefaultLoanApprovalServiceTest" name="validatedSplit"/>
  <testcase time="0.035" classname="droolsbook.bank.service.impl.DefaultLoanApprovalServiceTest" name="notValid"/>
  <testcase time="0.083" classname="droolsbook.bank.service.impl.DefaultLoanApprovalServiceTest" name="amountToBorrow"/>
  <testcase time="0.027" classname="droolsbook.bank.service.impl.DefaultLoanApprovalServiceTest" name="amountToBorrowLow"/>
  <testcase time="0.073" classname="droolsbook.bank.service.impl.DefaultLoanApprovalServiceTest" name="amountToBorrowHighRatingCalculation"/>
  <testcase time="0.033" classname="droolsbook.bank.service.impl.DefaultLoanApprovalServiceTest" name="ratingCalculation"/>
  <testcase time="0.071" classname="droolsbook.bank.service.impl.DefaultLoanApprovalServiceTest" name="ratingSplitNodeOther"/>
  <testcase time="0.073" classname="droolsbook.bank.service.impl.DefaultLoanApprovalServiceTest" name="ratingSplitNodeAccept"/>
  <testcase time="3.084" classname="droolsbook.bank.service.impl.DefaultLoanApprovalServiceTest" name="processLoan"/>
  <testcase time="0.008" classname="droolsbook.bank.service.impl.DefaultLoanApprovalServiceTest" name="approveEventJoin"/>
  <testcase time="0.026" classname="droolsbook.bank.service.impl.DefaultLoanApprovalServiceTest" name="transferFunds"/>
  <testcase time="0.026" classname="droolsbook.bank.service.impl.DefaultLoanApprovalServiceTest" name="defaultBankingServiceTest">
    <skipped message="this is a abstract example"/>
  </testcase>
</testsuite>